<?xml version="1.0" encoding="UTF-8"?>
<!-- Generated by org.testng.reporters.JUnitReportReporter -->
<testsuite hostname="Auchies" failures="0" tests="2" name="testCases.TC_001_AccountRegistrationTest" time="3.598" errors="0" timestamp="2024-02-05T11:30:47 GMT" skipped="0">
  <testcase classname="testCases.TC_001_AccountRegistrationTest" name="test_account_Registration" time="1.587"/>
  <testcase classname="testCases.TC_001_AccountRegistrationTest" name="test_account_Registration" time="2.011"/>
</testsuite> <!-- testCases.TC_001_AccountRegistrationTest -->
