<?xml version="1.0" encoding="UTF-8"?>
<!-- Generated by org.testng.reporters.JUnitReportReporter -->
<testsuite hostname="Auchies" failures="0" tests="1" name="testCases.TC_PC_001_Compare_MacbookTest" time="1.985" errors="0" timestamp="2024-02-05T14:21:16 GMT" skipped="0">
  <testcase classname="testCases.TC_PC_001_Compare_MacbookTest" name="MacbookTest" time="1.985"/>
</testsuite> <!-- testCases.TC_PC_001_Compare_MacbookTest -->
