<?xml version="1.0" encoding="UTF-8"?>
<!-- Generated by org.testng.reporters.JUnitReportReporter -->
<testsuite hostname="Auchies" failures="0" tests="1" name="testCases.TC_PC_001_Compare_MacbookTest" time="0.909" errors="0" timestamp="2024-02-02T11:36:49 GMT" skipped="0">
  <testcase classname="testCases.TC_PC_001_Compare_MacbookTest" name="MacbookTest" time="0.909"/>
</testsuite> <!-- testCases.TC_PC_001_Compare_MacbookTest -->
