<?xml version="1.0" encoding="UTF-8"?>
<!-- Generated by org.testng.reporters.JUnitReportReporter -->
<testsuite hostname="Auchies" failures="0" tests="5" name="testCases.TC_003_LoginDataDrivenTest" time="42.855" errors="0" timestamp="2024-01-29T21:50:35 GMT" skipped="0">
  <testcase classname="testCases.TC_003_LoginDataDrivenTest" name="test_loginDDT" time="10.421"/>
  <testcase classname="testCases.TC_003_LoginDataDrivenTest" name="test_loginDDT" time="10.459"/>
  <testcase classname="testCases.TC_003_LoginDataDrivenTest" name="test_loginDDT" time="0.959"/>
  <testcase classname="testCases.TC_003_LoginDataDrivenTest" name="test_loginDDT" time="10.605"/>
  <testcase classname="testCases.TC_003_LoginDataDrivenTest" name="test_loginDDT" time="10.411"/>
</testsuite> <!-- testCases.TC_003_LoginDataDrivenTest -->
