<?xml version="1.0" encoding="UTF-8"?>
<!-- Generated by org.testng.reporters.JUnitReportReporter -->
<testsuite hostname="Auchies" failures="0" tests="5" name="testCases.TC_003_LoginDataDrivenTest" time="42.836" errors="0" timestamp="2024-02-02T09:58:15 GMT" skipped="0">
  <testcase classname="testCases.TC_003_LoginDataDrivenTest" name="test_loginDDT" time="10.430"/>
  <testcase classname="testCases.TC_003_LoginDataDrivenTest" name="test_loginDDT" time="10.634"/>
  <testcase classname="testCases.TC_003_LoginDataDrivenTest" name="test_loginDDT" time="10.430"/>
  <testcase classname="testCases.TC_003_LoginDataDrivenTest" name="test_loginDDT" time="10.431"/>
  <testcase classname="testCases.TC_003_LoginDataDrivenTest" name="test_loginDDT" time="0.911"/>
</testsuite> <!-- testCases.TC_003_LoginDataDrivenTest -->
