<?xml version="1.0" encoding="UTF-8"?>
<!-- Generated by org.testng.reporters.JUnitReportReporter -->
<testsuite hostname="Auchies" failures="0" tests="1" name="testCases.TC_001_AccountRegistrationTest" time="1.633" errors="0" timestamp="2024-01-30T13:19:51 GMT" skipped="0">
  <testcase classname="testCases.TC_001_AccountRegistrationTest" name="test_account_Registration" time="1.633"/>
</testsuite> <!-- testCases.TC_001_AccountRegistrationTest -->
