<?xml version="1.0" encoding="UTF-8"?>
<!-- Generated by org.testng.reporters.JUnitReportReporter -->
<testsuite hostname="Auchies" failures="0" tests="1" name="testCases.TC_002_LoginTest" time="2.075" errors="0" timestamp="2024-02-05T11:36:32 GMT" skipped="0">
  <testcase classname="testCases.TC_002_LoginTest" name="test_login" time="2.075"/>
</testsuite> <!-- testCases.TC_002_LoginTest -->
